2024-02-22 23:53:53,473 INFO Set uid to user 0 succeeded
2024-02-22 23:53:53,474 INFO supervisord started with pid 1
2024-02-22 23:53:54,481 INFO spawned: 'cron' with pid 7
2024-02-22 23:53:54,483 INFO spawned: 'laravel-queue' with pid 8
2024-02-22 23:53:54,485 INFO spawned: 'nginx' with pid 9
2024-02-22 23:53:54,487 INFO spawned: 'php-fpm' with pid 10
2024-02-22 23:53:54,518 WARN exited: laravel-queue (exit status 1; not expected)
2024-02-22 23:53:55,531 INFO success: cron entered RUNNING state, process has stayed up for > than 1 seconds (startsecs)
2024-02-22 23:53:55,533 INFO spawned: 'laravel-queue' with pid 25
2024-02-22 23:53:55,533 INFO success: nginx entered RUNNING state, process has stayed up for > than 1 seconds (startsecs)
2024-02-22 23:53:55,534 INFO success: php-fpm entered RUNNING state, process has stayed up for > than 1 seconds (startsecs)
2024-02-22 23:53:55,556 WARN exited: laravel-queue (exit status 1; not expected)
2024-02-22 23:53:57,561 INFO spawned: 'laravel-queue' with pid 26
2024-02-22 23:53:57,582 WARN exited: laravel-queue (exit status 1; not expected)
2024-02-22 23:53:58,583 WARN received SIGQUIT indicating exit request
2024-02-22 23:53:58,584 INFO waiting for cron, laravel-queue, nginx, php-fpm to die
2024-02-22 23:53:58,589 INFO stopped: php-fpm (exit status 0)
2024-02-22 23:53:58,592 INFO stopped: nginx (exit status 0)
2024-02-22 23:53:59,593 WARN stopped: cron (terminated by SIGTERM)
2024-02-22 23:54:16,507 INFO Set uid to user 0 succeeded
2024-02-22 23:54:16,508 INFO supervisord started with pid 1
2024-02-22 23:54:17,512 INFO spawned: 'cron' with pid 7
2024-02-22 23:54:17,514 INFO spawned: 'laravel-queue' with pid 8
2024-02-22 23:54:17,516 INFO spawned: 'nginx' with pid 9
2024-02-22 23:54:17,518 INFO spawned: 'php-fpm' with pid 10
2024-02-22 23:54:17,536 WARN exited: laravel-queue (exit status 1; not expected)
2024-02-22 23:54:18,559 INFO success: cron entered RUNNING state, process has stayed up for > than 1 seconds (startsecs)
2024-02-22 23:54:18,561 INFO spawned: 'laravel-queue' with pid 25
2024-02-22 23:54:18,562 INFO success: nginx entered RUNNING state, process has stayed up for > than 1 seconds (startsecs)
2024-02-22 23:54:18,562 INFO success: php-fpm entered RUNNING state, process has stayed up for > than 1 seconds (startsecs)
2024-02-22 23:54:18,583 WARN exited: laravel-queue (exit status 1; not expected)
2024-02-22 23:54:20,588 INFO spawned: 'laravel-queue' with pid 26
2024-02-22 23:54:20,610 WARN exited: laravel-queue (exit status 1; not expected)
2024-02-22 23:54:23,616 INFO spawned: 'laravel-queue' with pid 27
2024-02-22 23:54:23,638 WARN exited: laravel-queue (exit status 1; not expected)
2024-02-22 23:54:24,640 INFO gave up: laravel-queue entered FATAL state, too many start retries too quickly
2024-02-22 23:54:24,640 WARN received SIGQUIT indicating exit request
2024-02-22 23:54:24,640 INFO waiting for cron, nginx, php-fpm to die
2024-02-22 23:54:24,646 INFO stopped: php-fpm (exit status 0)
2024-02-22 23:54:24,648 INFO stopped: nginx (exit status 0)
2024-02-22 23:54:25,650 WARN stopped: cron (terminated by SIGTERM)
2024-02-22 23:54:37,033 INFO Set uid to user 0 succeeded
2024-02-22 23:54:37,034 INFO supervisord started with pid 1
2024-02-22 23:54:38,038 INFO spawned: 'cron' with pid 7
2024-02-22 23:54:38,040 INFO spawned: 'laravel-queue' with pid 8
2024-02-22 23:54:38,042 INFO spawned: 'nginx' with pid 9
2024-02-22 23:54:38,044 INFO spawned: 'php-fpm' with pid 10
2024-02-22 23:54:38,062 WARN exited: laravel-queue (exit status 1; not expected)
2024-02-22 23:54:39,086 INFO success: cron entered RUNNING state, process has stayed up for > than 1 seconds (startsecs)
2024-02-22 23:54:39,087 INFO spawned: 'laravel-queue' with pid 25
2024-02-22 23:54:39,088 INFO success: nginx entered RUNNING state, process has stayed up for > than 1 seconds (startsecs)
2024-02-22 23:54:39,088 INFO success: php-fpm entered RUNNING state, process has stayed up for > than 1 seconds (startsecs)
2024-02-22 23:54:39,109 WARN exited: laravel-queue (exit status 1; not expected)
2024-02-22 23:54:41,113 INFO spawned: 'laravel-queue' with pid 26
2024-02-22 23:54:41,135 WARN exited: laravel-queue (exit status 1; not expected)
2024-02-22 23:54:44,141 INFO spawned: 'laravel-queue' with pid 27
2024-02-22 23:54:44,163 WARN exited: laravel-queue (exit status 1; not expected)
2024-02-22 23:54:45,165 INFO gave up: laravel-queue entered FATAL state, too many start retries too quickly
2024-02-22 23:57:57,423 WARN received SIGQUIT indicating exit request
2024-02-22 23:57:57,423 INFO waiting for cron, nginx, php-fpm to die
2024-02-22 23:57:57,430 INFO stopped: php-fpm (exit status 0)
2024-02-22 23:57:57,433 INFO stopped: nginx (exit status 0)
2024-02-22 23:57:58,435 WARN stopped: cron (terminated by SIGTERM)
2024-02-22 23:58:05,186 INFO Set uid to user 0 succeeded
2024-02-22 23:58:05,187 INFO supervisord started with pid 1
2024-02-22 23:58:06,189 INFO spawned: 'cron' with pid 7
2024-02-22 23:58:06,191 INFO spawned: 'laravel-queue' with pid 8
2024-02-22 23:58:06,192 INFO spawned: 'nginx' with pid 9
2024-02-22 23:58:06,193 INFO spawned: 'php-fpm' with pid 10
2024-02-22 23:58:07,233 INFO success: cron entered RUNNING state, process has stayed up for > than 1 seconds (startsecs)
2024-02-22 23:58:07,234 INFO success: laravel-queue entered RUNNING state, process has stayed up for > than 1 seconds (startsecs)
2024-02-22 23:58:07,234 INFO success: nginx entered RUNNING state, process has stayed up for > than 1 seconds (startsecs)
2024-02-22 23:58:07,234 INFO success: php-fpm entered RUNNING state, process has stayed up for > than 1 seconds (startsecs)
2024-02-22 23:59:12,300 WARN received SIGQUIT indicating exit request
2024-02-22 23:59:12,300 INFO waiting for cron, laravel-queue, nginx, php-fpm to die
2024-02-22 23:59:12,306 INFO stopped: php-fpm (exit status 0)
2024-02-22 23:59:12,308 INFO stopped: nginx (exit status 0)
2024-02-22 23:59:13,314 WARN stopped: laravel-queue (terminated by SIGTERM)
2024-02-22 23:59:13,315 WARN stopped: cron (terminated by SIGTERM)
2024-02-22 23:59:14,420 INFO Set uid to user 0 succeeded
2024-02-22 23:59:14,421 INFO supervisord started with pid 1
2024-02-22 23:59:15,425 INFO spawned: 'cron' with pid 7
2024-02-22 23:59:15,427 INFO spawned: 'laravel-queue' with pid 8
2024-02-22 23:59:15,429 INFO spawned: 'nginx' with pid 9
2024-02-22 23:59:15,431 INFO spawned: 'php-fpm' with pid 10
2024-02-22 23:59:16,472 INFO success: cron entered RUNNING state, process has stayed up for > than 1 seconds (startsecs)
2024-02-22 23:59:16,473 INFO success: laravel-queue entered RUNNING state, process has stayed up for > than 1 seconds (startsecs)
2024-02-22 23:59:16,473 INFO success: nginx entered RUNNING state, process has stayed up for > than 1 seconds (startsecs)
2024-02-22 23:59:16,473 INFO success: php-fpm entered RUNNING state, process has stayed up for > than 1 seconds (startsecs)
2024-02-23 00:03:57,524 WARN received SIGQUIT indicating exit request
2024-02-23 00:03:57,524 INFO waiting for cron, laravel-queue, nginx, php-fpm to die
2024-02-23 00:03:57,532 INFO stopped: php-fpm (exit status 0)
2024-02-23 00:03:57,534 INFO stopped: nginx (exit status 0)
2024-02-23 00:03:58,540 WARN stopped: laravel-queue (terminated by SIGTERM)
2024-02-23 00:03:58,540 WARN stopped: cron (terminated by SIGTERM)
2024-02-23 00:05:07,086 INFO Set uid to user 0 succeeded
2024-02-23 00:05:07,087 INFO supervisord started with pid 1
2024-02-23 00:05:08,091 INFO spawned: 'cron' with pid 14
2024-02-23 00:05:08,093 INFO spawned: 'laravel-queue' with pid 15
2024-02-23 00:05:08,094 INFO spawned: 'nginx' with pid 16
2024-02-23 00:05:08,096 INFO spawned: 'php-fpm' with pid 17
2024-02-23 00:05:09,137 INFO success: cron entered RUNNING state, process has stayed up for > than 1 seconds (startsecs)
2024-02-23 00:05:09,138 INFO success: laravel-queue entered RUNNING state, process has stayed up for > than 1 seconds (startsecs)
2024-02-23 00:05:09,138 INFO success: nginx entered RUNNING state, process has stayed up for > than 1 seconds (startsecs)
2024-02-23 00:05:09,138 INFO success: php-fpm entered RUNNING state, process has stayed up for > than 1 seconds (startsecs)
2024-02-23 00:06:39,407 WARN received SIGQUIT indicating exit request
2024-02-23 00:06:39,407 INFO waiting for cron, laravel-queue, nginx, php-fpm to die
2024-02-23 00:06:39,415 INFO stopped: php-fpm (exit status 0)
2024-02-23 00:06:39,418 INFO stopped: nginx (exit status 0)
2024-02-23 00:06:39,421 WARN stopped: laravel-queue (terminated by SIGTERM)
2024-02-23 00:06:39,422 WARN stopped: cron (terminated by SIGTERM)
